Arguments: 
  /usr/local/bin/node /usr/bin/yarn install

PATH: 
  /home/generel/.cargo/bin:/usr/local/bin:/usr/local/sbin:/usr/bin:/usr/sbin:/home/generel/bin:/opt/mssql/bin:/opt/mssql-tools/bin:/home/generel/.local/bin:/home/generel/bin:/opt/mssql/bin:/opt/mssql-tools/bin:/home/generel/.local/bin:/home/generel/.local/bin:/opt/mssql/bin:/opt/mssql-tools/bin:/home/generel/.local/bin

Yarn version: 
  1.22.10

Node version: 
  16.6.1

Platform: 
  linux x64

Trace: 
  Error: getaddrinfo ENOTFOUND registry.npmjs.com
      at GetAddrInfoReqWrap.onlookup [as oncomplete] (node:dns:71:26)

npm manifest: 
  {
      "name": "@nxg-org/mineflayer-custom-pvp",
      "version": "1.3.6",
      "description": "Intermediate functionality for bow and sword pvp.",
      "keywords": [
          "mineflayer",
          "mineflayer-pvp",
          "mineflayer-plugin",
          "mineflayer-custom-pvp"
      ],
      "repository": {
          "type": "git",
          "url": "git+https://github.com/nxg-org/mineflayer-custom-pvp.git"
      },
      "license": "GPL-3.0",
      "author": "generel_schwerz",
      "main": "lib/index.js",
      "types": "lib/index.d.ts",
      "scripts": {
          "build": "npx tsc",
          "prepublish": "npm run build",
          "test": "node --trace-warnings lib/genTest.js pvp-testing"
      },
      "dependencies": {
          "@nxg-org/mineflayer-trajectories": "^1.0.15",
          "@nxg-org/mineflayer-util-plugin": "^1.3.15",
          "minecraft-data": "^2.97.0",
          "mineflayer": "^3.11.2",
          "prismarine-block": "^1.10.3",
          "prismarine-item": "^1.11.1",
          "prismarine-physics": "^1.3.1",
          "vec3": "^0.1.7"
      },
      "devDependencies": {
          "@types/node": "^16.11.11",
          "typescript": "^4.5.2"
      }
  }

yarn manifest: 
  No manifest

Lockfile: 
  No lockfile
